<?xml version="1.0" encoding="UTF-8"?>
<!-- Generated by org.testng.reporters.JUnitReportReporter -->
<testsuite name="UITests.CyberAttackTest" tests="10" time="58.541" ignored="0" failures="0" timestamp="12 Sep 2021 06:36:30 GMT" skipped="0" hostname="DESKTOP-8UMI3GL" errors="0">
  <testcase name="D_SetWrongFilterData" time="15.507" classname="UITests.CyberAttackTest"/>
  <testcase name="A_SpecificFilterWithName" time="1.649" classname="UITests.CyberAttackTest"/>
  <testcase name="J_SortByCases" time="1.142" classname="UITests.CyberAttackTest"/>
  <testcase name="E_SpecificFilterWithImpactScore" time="16.407" classname="UITests.CyberAttackTest"/>
  <testcase name="H_SortByComplexity" time="1.393" classname="UITests.CyberAttackTest"/>
  <testcase name="C_SetSmallCaseFilterData" time="1.603" classname="UITests.CyberAttackTest"/>
  <testcase name="F_SpecificFilterWithNoOfCases" time="16.402" classname="UITests.CyberAttackTest"/>
  <testcase name="G_SortByName" time="1.181" classname="UITests.CyberAttackTest"/>
  <testcase name="I_SortByImpactScore" time="1.015" classname="UITests.CyberAttackTest"/>
  <testcase name="B_SpecificFilterWithComplexity" time="2.242" classname="UITests.CyberAttackTest"/>
</testsuite> <!-- UITests.CyberAttackTest -->
